2015-03-26 14:37:54 WARN  UserActions:- USER_REGISTERED;USER:miki142737347026223@miki.com ;TIME:3852
2015-03-26 14:38:05 WARN  UserActions:- FILES_UPLOADED;COUNT: 11;TIME:10638
2015-03-26 14:47:24 WARN  UserActions:- USER_REGISTERED;USER:miki142737403990931@miki.com ;TIME:4369
2015-03-26 14:47:34 WARN  UserActions:- FILES_UPLOADED;COUNT: 11;TIME:10023
2015-03-26 14:48:42 WARN  UserActions:- USER_REGISTERED;USER:miki142737411836557@miki.com ;TIME:4237
2015-03-26 14:49:38 WARN  UserActions:- FILES_UPLOADED;COUNT: 11;TIME:55464
2015-03-26 14:52:23 WARN  UserActions:- USER_REGISTERED;USER:miki142737433914386@miki.com ;TIME:4627
2015-03-26 14:52:33 WARN  UserActions:- FILES_UPLOADED;COUNT: 11;TIME:9923
2015-03-26 14:53:45 WARN  UserActions:- USER_REGISTERED;USER:miki14273744214960@miki.com ;TIME:4015
2015-03-26 14:53:54 WARN  UserActions:- FILES_UPLOADED;COUNT: 11;TIME:8831
2015-03-26 14:54:35 WARN  UserActions:- USER_REGISTERED;USER:miki142737447139188@miki.com ;TIME:4377
2015-03-26 14:55:31 WARN  UserActions:- USER_REGISTERED;USER:miki142737452723331@miki.com ;TIME:4093
2015-03-26 14:55:42 WARN  UserActions:- FILES_UPLOADED;COUNT: 11;TIME:10681
2015-03-26 14:59:26 WARN  UserActions:- USER_REGISTERED;USER:miki142737476157649@miki.com ;TIME:5178
2015-03-26 14:59:36 WARN  UserActions:- FILES_UPLOADED;COUNT: 11;TIME:9664
2015-03-26 15:01:50 WARN  UserActions:- USER_REGISTERED;USER:miki142737490648769@miki.com ;TIME:4252
2015-03-26 15:02:01 WARN  UserActions:- FILES_UPLOADED;COUNT: 11;TIME:9963
2015-03-26 15:03:49 WARN  UserActions:- USER_REGISTERED;USER:miki14273750252865@miki.com ;TIME:4123
2015-03-26 15:04:00 WARN  UserActions:- FILES_UPLOADED;COUNT: 11;TIME:10951
2015-03-26 15:05:50 WARN  UserActions:- USER_REGISTERED;USER:miki142737514617326@miki.com ;TIME:3883
2015-03-26 15:06:00 WARN  UserActions:- FILES_UPLOADED;COUNT: 11;TIME:10488
2015-03-26 15:06:08 WARN  UserActions:- SMARTSHOW_CREATED;URL:;TIME6276
2015-03-26 15:07:20 WARN  UserActions:- USER_REGISTERED;USER:miki142737523608863@miki.com ;TIME:4258
2015-03-26 15:07:31 WARN  UserActions:- FILES_UPLOADED;COUNT: 11;TIME:10413
2015-03-26 15:09:29 WARN  UserActions:- USER_REGISTERED;USER:miki142737536486947@miki.com ;TIME:4132
2015-03-26 15:09:37 WARN  UserActions:- FILES_UPLOADED;COUNT: 11;TIME:8673
2015-03-26 15:10:37 WARN  UserActions:- USER_REGISTERED;USER:miki142737543322736@miki.com ;TIME:4130
2015-03-26 15:10:48 WARN  UserActions:- FILES_UPLOADED;COUNT: 11;TIME:10702
2015-03-26 15:10:56 WARN  UserActions:- SMARTSHOW_CREATED;URL:;TIME6782
2015-03-26 15:11:47 WARN  UserActions:- USER_REGISTERED;USER:miki142737550365063@miki.com ;TIME:4072
2015-03-26 15:11:56 WARN  UserActions:- FILES_UPLOADED;COUNT: 11;TIME:8613
2015-03-26 15:13:21 WARN  UserActions:- USER_REGISTERED;USER:miki142737559741872@miki.com ;TIME:4242
2015-03-26 15:13:30 WARN  UserActions:- FILES_UPLOADED;COUNT: 11;TIME:8362
2015-03-26 15:14:51 WARN  UserActions:- USER_REGISTERED;USER:miki142737568671084@miki.com ;TIME:5056
2015-03-26 15:15:01 WARN  UserActions:- FILES_UPLOADED;COUNT: 11;TIME:9088
2015-03-26 15:19:07 WARN  UserActions:- USER_REGISTERED;USER:miki142737594220991@miki.com ;TIME:4904
2015-03-26 15:19:18 WARN  UserActions:- FILES_UPLOADED;COUNT: 11;TIME:11059
2015-03-26 15:19:55 WARN  UserActions:- SMARTSHOW_CREATED;URL:;TIME35411
2015-03-26 15:26:52 WARN  UserActions:- USER_REGISTERED;USER:miki142737640724778@miki.com ;TIME:5405
2015-03-26 15:27:01 WARN  UserActions:- FILES_UPLOADED;COUNT: 11;TIME:8643
2015-03-26 15:28:31 WARN  UserActions:- USER_REGISTERED;USER:miki142737650687211@miki.com ;TIME:4140
2015-03-26 15:28:43 WARN  UserActions:- FILES_UPLOADED;COUNT: 11;TIME:11787
2015-03-26 15:31:22 WARN  UserActions:- USER_REGISTERED;USER:miki142737667824741@miki.com ;TIME:4728
2015-03-26 15:31:31 WARN  UserActions:- FILES_UPLOADED;COUNT: 11;TIME:8645
2015-03-26 15:33:29 WARN  UserActions:- USER_REGISTERED;USER:miki142737680530352@miki.com ;TIME:4655
2015-03-26 15:33:40 WARN  UserActions:- FILES_UPLOADED;COUNT: 11;TIME:10066
2015-03-26 15:33:55 WARN  UserActions:- SMARTSHOW_CREATED;URL:http://bit.ly/1CdnkNz;TIME10338
2015-03-26 15:35:13 WARN  UserActions:- USER_REGISTERED;USER:miki142737690661015@miki.com ;TIME:6667
2015-03-26 15:35:15 WARN  UserActions:- USER_REGISTERED;USER:miki142737691035572@miki.com ;TIME:5285
2015-03-26 15:35:17 WARN  UserActions:- USER_REGISTERED;USER:miki142737691077091@miki.com ;TIME:6457
2015-03-26 15:35:17 WARN  UserActions:- FILES_UPLOADED;COUNT: 11;TIME:3642
2015-03-26 15:35:17 WARN  UserActions:- USER_REGISTERED;USER:miki142737691039693@miki.com ;TIME:7036
2015-03-26 15:35:17 WARN  UserActions:- USER_REGISTERED;USER:miki142737691126663@miki.com ;TIME:6397
2015-03-26 15:35:32 WARN  UserActions:- FILES_UPLOADED;COUNT: 11;TIME:16235
2015-03-26 15:35:34 WARN  UserActions:- FILES_UPLOADED;COUNT: 11;TIME:16626
2015-03-26 15:35:34 WARN  UserActions:- FILES_UPLOADED;COUNT: 11;TIME:16239
2015-03-26 15:35:35 WARN  UserActions:- FILES_UPLOADED;COUNT: 11;TIME:18162
2015-03-26 15:35:45 WARN  UserActions:- SMARTSHOW_CREATED;URL:https://pre.sharalike.com/slideshows/undefined;TIME6058
2015-03-26 15:36:12 WARN  UserActions:- USER_REGISTERED;USER:miki142737696847668@miki.com ;TIME:4307
2015-03-26 15:36:21 WARN  UserActions:- USER_REGISTERED;USER:miki14273769769381@miki.com ;TIME:5040
2015-03-26 15:36:22 WARN  UserActions:- FILES_UPLOADED;COUNT: 11;TIME:9840
2015-03-26 15:36:26 WARN  UserActions:- USER_REGISTERED;USER:miki142737698146514@miki.com ;TIME:5075
2015-03-26 15:36:34 WARN  UserActions:- SMARTSHOW_CREATED;URL:https://pre.sharalike.com/slideshows/undefined;TIME6174
2015-03-26 15:36:34 WARN  UserActions:- FILES_UPLOADED;COUNT: 11;TIME:12086
2015-03-26 15:36:37 WARN  UserActions:- FILES_UPLOADED;COUNT: 11;TIME:10882
2015-03-26 15:36:51 WARN  UserActions:- SMARTSHOW_CREATED;URL:https://pre.sharalike.com/slideshows/undefined;TIME8834
2015-03-26 15:37:13 WARN  UserActions:- USER_REGISTERED;USER:miki142737702935093@miki.com ;TIME:4135
2015-03-26 15:37:21 WARN  UserActions:- FILES_UPLOADED;COUNT: 11;TIME:7754
2015-03-26 15:37:44 WARN  UserActions:- SMARTSHOW_CREATED;URL:https://pre.sharalike.com/slideshows/undefined;TIME123441
